<?xml version="1.0" encoding="UTF-8"?>
<!-- Generated by org.testng.reporters.JUnitReportReporter -->
<testsuite hostname="LAPTOP-GPQ6JPE7" name="com.actitime.test.demo" tests="1" failures="0" timestamp="20 Oct 2020 07:15:37 GMT" time="0.021" errors="0">
  <testcase name="testing" time="0.021" classname="com.actitime.test.demo"/>
</testsuite> <!-- com.actitime.test.demo -->
