<?xml version="1.0" encoding="UTF-8"?>
<!-- Generated by org.testng.reporters.JUnitReportReporter -->
<testsuite hostname="LAPTOP-GPQ6JPE7" name="com.actitime.test.ActitimeLoginTest" tests="1" failures="0" timestamp="20 Oct 2020 11:00:02 GMT" time="4.785" errors="0">
  <testcase name="login" time="4.785" classname="com.actitime.test.ActitimeLoginTest"/>
</testsuite> <!-- com.actitime.test.ActitimeLoginTest -->
